<?xml version="1.0" encoding="UTF-8"?>
<!-- Generated by org.testng.reporters.JUnitReportReporter -->
<testsuite skipped="0" hostname="oeis-d35" name="com.netshoes.regression.begin.RegressionStarter" tests="1" failures="0" timestamp="15 Mar 2018 11:05:23 GMT" time="21.302" errors="0">
  <testcase name="naviagetToSite" time="21.302" classname="com.netshoes.regression.begin.RegressionStarter"/>
</testsuite> <!-- com.netshoes.regression.begin.RegressionStarter -->
