<?xml version="1.0" encoding="UTF-8"?>
<!-- Generated by org.testng.reporters.JUnitReportReporter -->
<testsuite skipped="0" hostname="oeis-d35" name="com.netshoes.regression.RegressionStarter" tests="1" failures="0" timestamp="15 Mar 2018 06:25:45 GMT" time="20.448" errors="0">
  <testcase name="naviagetToSite" time="20.448" classname="com.netshoes.regression.RegressionStarter"/>
</testsuite> <!-- com.netshoes.regression.RegressionStarter -->
